<?xml version="1.0" encoding="UTF-8"?>
<!-- Generated by org.testng.reporters.JUnitReportReporter -->
<testsuite skipped="0" hostname="DESKTOP-R2KE26K" name="com.bestBuy.test.ProductTest" tests="1" failures="0" timestamp="2020-11-28T14:12:54 IST" time="2.047" errors="0">
  <testcase name="verifyAddProductWithPostRequest" time="2.047" classname="com.bestBuy.test.ProductTest"/>
  <system-out/>
</testsuite> <!-- com.bestBuy.test.ProductTest -->
